<?xml version="1.0" encoding="UTF-8"?>
<!-- Generated by org.testng.reporters.JUnitReportReporter -->
<testsuite hostname="AMIT" failures="0" tests="1" name="testCases.TC_AddTariffPlan_002" time="8.622" errors="0" timestamp="2022-06-28T20:06:36 IST" skipped="0">
  <testcase classname="testCases.TC_AddTariffPlan_002" name="addTariffPlanInfo" time="8.622"/>
  <system-out/>
</testsuite> <!-- testCases.TC_AddTariffPlan_002 -->
