<?xml version="1.0" encoding="UTF-8"?>
<!-- Generated by org.testng.reporters.JUnitReportReporter -->
<testsuite hostname="AMIT" failures="0" tests="1" name="testCases.TC_PayBilling_004" time="7.789" errors="0" timestamp="2022-06-28T20:06:36 IST" skipped="0">
  <testcase classname="testCases.TC_PayBilling_004" name="PayBillingStatus" time="7.789"/>
  <system-out/>
</testsuite> <!-- testCases.TC_PayBilling_004 -->
