<?xml version="1.0" encoding="UTF-8"?>
<!-- Generated by org.testng.reporters.JUnitReportReporter -->
<testsuite hostname="AMIT" failures="0" tests="1" name="testCases.TC_AddTariffPlantoCustomer_003" time="12.578" errors="0" timestamp="2022-06-28T20:06:36 IST" skipped="0">
  <testcase classname="testCases.TC_AddTariffPlantoCustomer_003" name="addTariffPlantoCustomer" time="12.578"/>
  <system-out/>
</testsuite> <!-- testCases.TC_AddTariffPlantoCustomer_003 -->
